<?xml version="1.0" encoding="UTF-8"?>
<!-- Generated by org.testng.reporters.JUnitReportReporter -->
<testsuite hostname="DESKTOP-LSPGT29" failures="0" tests="1" name="com.demo.test.LoginTest" time="3.622" errors="0" timestamp="2024-08-06T14:50:50 IST" skipped="0">
  <testcase classname="com.demo.test.LoginTest" name="login" time="3.622"/>
  <system-out/>
</testsuite> <!-- com.demo.test.LoginTest -->
